The system is: Darwin - 19.5.0 - x86_64
Compiling the C compiler identification source file "CMakeCCompilerId.c" succeeded.
Compiler: /Library/Developer/CommandLineTools/usr/bin/cc 
Build flags: 
Id flags:  

The output was:
0


Compilation of the C compiler identification source "CMakeCCompilerId.c" produced "a.out"

The C compiler identification is AppleClang, found in "/Users/alberto/CodingSpace/VSCode-workspace/test/build/CMakeFiles/3.15.5/CompilerIdC/a.out"

Compiling the CXX compiler identification source file "CMakeCXXCompilerId.cpp" succeeded.
Compiler: /Library/Developer/CommandLineTools/usr/bin/c++ 
Build flags: 
Id flags:  

The output was:
0


Compilation of the CXX compiler identification source "CMakeCXXCompilerId.cpp" produced "a.out"

The CXX compiler identification is AppleClang, found in "/Users/alberto/CodingSpace/VSCode-workspace/test/build/CMakeFiles/3.15.5/CompilerIdCXX/a.out"

Determining if the C compiler works passed with the following output:
Change Dir: /Users/alberto/CodingSpace/VSCode-workspace/test/build/CMakeFiles/CMakeTmp

Run Build Command(s):/usr/bin/make cmTC_6eff6/fast && /Library/Developer/CommandLineTools/usr/bin/make -f CMakeFiles/cmTC_6eff6.dir/build.make CMakeFiles/cmTC_6eff6.dir/build
Building C object CMakeFiles/cmTC_6eff6.dir/testCCompiler.c.o
/Library/Developer/CommandLineTools/usr/bin/cc   -isysroot /Library/Developer/CommandLineTools/SDKs/MacOSX10.15.sdk   -o CMakeFiles/cmTC_6eff6.dir/testCCompiler.c.o   -c /Users/alberto/CodingSpace/VSCode-workspace/test/build/CMakeFiles/CMakeTmp/testCCompiler.c
Linking C executable cmTC_6eff6
/Applications/CMake.app/Contents/bin/cmake -E cmake_link_script CMakeFiles/cmTC_6eff6.dir/link.txt --verbose=1
/Library/Developer/CommandLineTools/usr/bin/cc   -isysroot /Library/Developer/CommandLineTools/SDKs/MacOSX10.15.sdk -Wl,-search_paths_first -Wl,-headerpad_max_install_names   CMakeFiles/cmTC_6eff6.dir/testCCompiler.c.o  -o cmTC_6eff6 



Detecting C compiler ABI info compiled with the following output:
Change Dir: /Users/alberto/CodingSpace/VSCode-workspace/test/build/CMakeFiles/CMakeTmp

Run Build Command(s):/usr/bin/make cmTC_09d75/fast && /Library/Developer/CommandLineTools/usr/bin/make -f CMakeFiles/cmTC_09d75.dir/build.make CMakeFiles/cmTC_09d75.dir/build
Building C object CMakeFiles/cmTC_09d75.dir/CMakeCCompilerABI.c.o
/Library/Developer/CommandLineTools/usr/bin/cc   -isysroot /Library/Developer/CommandLineTools/SDKs/MacOSX10.15.sdk   -v -Wl,-v -o CMakeFiles/cmTC_09d75.dir/CMakeCCompilerABI.c.o   -c /Applications/CMake.app/Contents/share/cmake-3.15/Modules/CMakeCCompilerABI.c
Apple clang version 11.0.0 (clang-1100.0.33.16)
Target: x86_64-apple-darwin19.5.0
Thread model: posix
InstalledDir: /Library/Developer/CommandLineTools/usr/bin
clang: warning: -Wl,-v: 'linker' input unused [-Wunused-command-line-argument]
 "/Library/Developer/CommandLineTools/usr/bin/clang" -cc1 -triple x86_64-apple-macosx10.15.0 -Wdeprecated-objc-isa-usage -Werror=deprecated-objc-isa-usage -emit-obj -mrelax-all -disable-free -disable-llvm-verifier -discard-value-names -main-file-name CMakeCCompilerABI.c -mrelocation-model pic -pic-level 2 -mthread-model posix -mdisable-fp-elim -fno-strict-return -masm-verbose -munwind-tables -target-sdk-version=10.15 -target-cpu penryn -dwarf-column-info -debugger-tuning=lldb -ggnu-pubnames -target-linker-version 530 -v -coverage-notes-file /Users/alberto/CodingSpace/VSCode-workspace/test/build/CMakeFiles/CMakeTmp/CMakeFiles/cmTC_09d75.dir/CMakeCCompilerABI.c.gcno -resource-dir /Library/Developer/CommandLineTools/usr/lib/clang/11.0.0 -isysroot /Library/Developer/CommandLineTools/SDKs/MacOSX10.15.sdk -c-isystem /usr/local/Cellar/libomp/10.0.0/include -c-isystem . -cxx-isystem /usr/local/Cellar/pcl/1.9.1_9/include/pcl-1.9 -cxx-isystem /usr/local/Cellar/flann/1.9.1_9/include -cxx-isystem /usr/local/Cellar/eigen/3.3.7/include/eigen3 -cxx-isystem /usr/local/Cellar/vtk/8.2.0_10/include/vtk-8.2 -cxx-isystem /usr/local/Cellar/boost/1.72.0_3/include -cxx-isystem /usr/local/Cellar/libomp/10.0.0/include -cxx-isystem . -Wno-framework-include-private-from-public -Wno-atimport-in-framework-header -Wno-extra-semi-stmt -Wno-quoted-include-in-framework-header -fdebug-compilation-dir /Users/alberto/CodingSpace/VSCode-workspace/test/build/CMakeFiles/CMakeTmp -ferror-limit 19 -fmessage-length 0 -stack-protector 1 -fstack-check -mdarwin-stkchk-strong-link -fblocks -fencode-extended-block-signature -fregister-global-dtors-with-atexit -fobjc-runtime=macosx-10.15.0 -fmax-type-align=16 -fdiagnostics-show-option -o CMakeFiles/cmTC_09d75.dir/CMakeCCompilerABI.c.o -x c /Applications/CMake.app/Contents/share/cmake-3.15/Modules/CMakeCCompilerABI.c
clang -cc1 version 11.0.0 (clang-1100.0.33.16) default target x86_64-apple-darwin19.5.0
ignoring nonexistent directory "/Library/Developer/CommandLineTools/SDKs/MacOSX10.15.sdk/usr/local/include"
ignoring nonexistent directory "/Library/Developer/CommandLineTools/SDKs/MacOSX10.15.sdk/Library/Frameworks"
#include "..." search starts here:
#include <...> search starts here:
 /usr/local/Cellar/libomp/10.0.0/include
 .
 /Library/Developer/CommandLineTools/usr/lib/clang/11.0.0/include
 /Library/Developer/CommandLineTools/usr/include
 /Library/Developer/CommandLineTools/SDKs/MacOSX10.15.sdk/usr/include
 /Library/Developer/CommandLineTools/SDKs/MacOSX10.15.sdk/System/Library/Frameworks (framework directory)
End of search list.
Linking C executable cmTC_09d75
/Applications/CMake.app/Contents/bin/cmake -E cmake_link_script CMakeFiles/cmTC_09d75.dir/link.txt --verbose=1
/Library/Developer/CommandLineTools/usr/bin/cc   -isysroot /Library/Developer/CommandLineTools/SDKs/MacOSX10.15.sdk -Wl,-search_paths_first -Wl,-headerpad_max_install_names  -v -Wl,-v CMakeFiles/cmTC_09d75.dir/CMakeCCompilerABI.c.o  -o cmTC_09d75 
Apple clang version 11.0.0 (clang-1100.0.33.16)
Target: x86_64-apple-darwin19.5.0
Thread model: posix
InstalledDir: /Library/Developer/CommandLineTools/usr/bin
 "/Library/Developer/CommandLineTools/usr/bin/ld" -demangle -lto_library /Library/Developer/CommandLineTools/usr/lib/libLTO.dylib -dynamic -arch x86_64 -macosx_version_min 10.15.0 -syslibroot /Library/Developer/CommandLineTools/SDKs/MacOSX10.15.sdk -o cmTC_09d75 -search_paths_first -headerpad_max_install_names -v CMakeFiles/cmTC_09d75.dir/CMakeCCompilerABI.c.o -L/usr/local/Cellar/pcl/1.9.1_9/lib -L/usr/local/Cellar/flann/1.9.1_9/lib -L/usr/local/Cellar/vtk/8.2.0_10/lib -L/usr/local/Cellar/boost/1.72.0_3/lib -L/usr/local/Cellar/libomp/10.0.0/lib -L. -lSystem /Library/Developer/CommandLineTools/usr/lib/clang/11.0.0/lib/darwin/libclang_rt.osx.a
@(#)PROGRAM:ld  PROJECT:ld64-530
BUILD 03:01:58 Nov 15 2019
configured to support archs: armv6 armv7 armv7s arm64 arm64e arm64_32 i386 x86_64 x86_64h armv6m armv7k armv7m armv7em
Library search paths:
	/usr/local/Cellar/pcl/1.9.1_9/lib
	/usr/local/Cellar/flann/1.9.1_9/lib
	/usr/local/Cellar/vtk/8.2.0_10/lib
	/usr/local/Cellar/boost/1.72.0_3/lib
	/usr/local/Cellar/libomp/10.0.0/lib
	.
	/Library/Developer/CommandLineTools/SDKs/MacOSX10.15.sdk/usr/lib
Framework search paths:
	/Library/Developer/CommandLineTools/SDKs/MacOSX10.15.sdk/System/Library/Frameworks/



Parsed C implicit include dir info from above output: rv=done
  found start of include info
  found start of implicit include info
    add: [/usr/local/Cellar/libomp/10.0.0/include]
    add: [.]
    add: [/Library/Developer/CommandLineTools/usr/lib/clang/11.0.0/include]
    add: [/Library/Developer/CommandLineTools/usr/include]
    add: [/Library/Developer/CommandLineTools/SDKs/MacOSX10.15.sdk/usr/include]
  end of search list found
  collapse include dir [/usr/local/Cellar/libomp/10.0.0/include] ==> [/usr/local/Cellar/libomp/10.0.0/include]
  skipping relative include dir [.]
  collapse include dir [/Library/Developer/CommandLineTools/usr/lib/clang/11.0.0/include] ==> [/Library/Developer/CommandLineTools/usr/lib/clang/11.0.0/include]
  collapse include dir [/Library/Developer/CommandLineTools/usr/include] ==> [/Library/Developer/CommandLineTools/usr/include]
  collapse include dir [/Library/Developer/CommandLineTools/SDKs/MacOSX10.15.sdk/usr/include] ==> [/Library/Developer/CommandLineTools/SDKs/MacOSX10.15.sdk/usr/include]
  implicit include dirs: [/usr/local/Cellar/libomp/10.0.0/include;/Library/Developer/CommandLineTools/usr/lib/clang/11.0.0/include;/Library/Developer/CommandLineTools/usr/include;/Library/Developer/CommandLineTools/SDKs/MacOSX10.15.sdk/usr/include]


Parsed C implicit link information from above output:
  link line regex: [^( *|.*[/\])(ld|CMAKE_LINK_STARTFILE-NOTFOUND|([^/\]+-)?ld|collect2)[^/\]*( |$)]
  ignore line: [Change Dir: /Users/alberto/CodingSpace/VSCode-workspace/test/build/CMakeFiles/CMakeTmp]
  ignore line: []
  ignore line: [Run Build Command(s):/usr/bin/make cmTC_09d75/fast && /Library/Developer/CommandLineTools/usr/bin/make -f CMakeFiles/cmTC_09d75.dir/build.make CMakeFiles/cmTC_09d75.dir/build]
  ignore line: [Building C object CMakeFiles/cmTC_09d75.dir/CMakeCCompilerABI.c.o]
  ignore line: [/Library/Developer/CommandLineTools/usr/bin/cc   -isysroot /Library/Developer/CommandLineTools/SDKs/MacOSX10.15.sdk   -v -Wl,-v -o CMakeFiles/cmTC_09d75.dir/CMakeCCompilerABI.c.o   -c /Applications/CMake.app/Contents/share/cmake-3.15/Modules/CMakeCCompilerABI.c]
  ignore line: [Apple clang version 11.0.0 (clang-1100.0.33.16)]
  ignore line: [Target: x86_64-apple-darwin19.5.0]
  ignore line: [Thread model: posix]
  ignore line: [InstalledDir: /Library/Developer/CommandLineTools/usr/bin]
  ignore line: [clang: warning: -Wl,-v: 'linker' input unused [-Wunused-command-line-argument]]
  ignore line: [ "/Library/Developer/CommandLineTools/usr/bin/clang" -cc1 -triple x86_64-apple-macosx10.15.0 -Wdeprecated-objc-isa-usage -Werror=deprecated-objc-isa-usage -emit-obj -mrelax-all -disable-free -disable-llvm-verifier -discard-value-names -main-file-name CMakeCCompilerABI.c -mrelocation-model pic -pic-level 2 -mthread-model posix -mdisable-fp-elim -fno-strict-return -masm-verbose -munwind-tables -target-sdk-version=10.15 -target-cpu penryn -dwarf-column-info -debugger-tuning=lldb -ggnu-pubnames -target-linker-version 530 -v -coverage-notes-file /Users/alberto/CodingSpace/VSCode-workspace/test/build/CMakeFiles/CMakeTmp/CMakeFiles/cmTC_09d75.dir/CMakeCCompilerABI.c.gcno -resource-dir /Library/Developer/CommandLineTools/usr/lib/clang/11.0.0 -isysroot /Library/Developer/CommandLineTools/SDKs/MacOSX10.15.sdk -c-isystem /usr/local/Cellar/libomp/10.0.0/include -c-isystem . -cxx-isystem /usr/local/Cellar/pcl/1.9.1_9/include/pcl-1.9 -cxx-isystem /usr/local/Cellar/flann/1.9.1_9/include -cxx-isystem /usr/local/Cellar/eigen/3.3.7/include/eigen3 -cxx-isystem /usr/local/Cellar/vtk/8.2.0_10/include/vtk-8.2 -cxx-isystem /usr/local/Cellar/boost/1.72.0_3/include -cxx-isystem /usr/local/Cellar/libomp/10.0.0/include -cxx-isystem . -Wno-framework-include-private-from-public -Wno-atimport-in-framework-header -Wno-extra-semi-stmt -Wno-quoted-include-in-framework-header -fdebug-compilation-dir /Users/alberto/CodingSpace/VSCode-workspace/test/build/CMakeFiles/CMakeTmp -ferror-limit 19 -fmessage-length 0 -stack-protector 1 -fstack-check -mdarwin-stkchk-strong-link -fblocks -fencode-extended-block-signature -fregister-global-dtors-with-atexit -fobjc-runtime=macosx-10.15.0 -fmax-type-align=16 -fdiagnostics-show-option -o CMakeFiles/cmTC_09d75.dir/CMakeCCompilerABI.c.o -x c /Applications/CMake.app/Contents/share/cmake-3.15/Modules/CMakeCCompilerABI.c]
  ignore line: [clang -cc1 version 11.0.0 (clang-1100.0.33.16) default target x86_64-apple-darwin19.5.0]
  ignore line: [ignoring nonexistent directory "/Library/Developer/CommandLineTools/SDKs/MacOSX10.15.sdk/usr/local/include"]
  ignore line: [ignoring nonexistent directory "/Library/Developer/CommandLineTools/SDKs/MacOSX10.15.sdk/Library/Frameworks"]
  ignore line: [#include "..." search starts here:]
  ignore line: [#include <...> search starts here:]
  ignore line: [ /usr/local/Cellar/libomp/10.0.0/include]
  ignore line: [ .]
  ignore line: [ /Library/Developer/CommandLineTools/usr/lib/clang/11.0.0/include]
  ignore line: [ /Library/Developer/CommandLineTools/usr/include]
  ignore line: [ /Library/Developer/CommandLineTools/SDKs/MacOSX10.15.sdk/usr/include]
  ignore line: [ /Library/Developer/CommandLineTools/SDKs/MacOSX10.15.sdk/System/Library/Frameworks (framework directory)]
  ignore line: [End of search list.]
  ignore line: [Linking C executable cmTC_09d75]
  ignore line: [/Applications/CMake.app/Contents/bin/cmake -E cmake_link_script CMakeFiles/cmTC_09d75.dir/link.txt --verbose=1]
  ignore line: [/Library/Developer/CommandLineTools/usr/bin/cc   -isysroot /Library/Developer/CommandLineTools/SDKs/MacOSX10.15.sdk -Wl,-search_paths_first -Wl,-headerpad_max_install_names  -v -Wl,-v CMakeFiles/cmTC_09d75.dir/CMakeCCompilerABI.c.o  -o cmTC_09d75 ]
  ignore line: [Apple clang version 11.0.0 (clang-1100.0.33.16)]
  ignore line: [Target: x86_64-apple-darwin19.5.0]
  ignore line: [Thread model: posix]
  ignore line: [InstalledDir: /Library/Developer/CommandLineTools/usr/bin]
  link line: [ "/Library/Developer/CommandLineTools/usr/bin/ld" -demangle -lto_library /Library/Developer/CommandLineTools/usr/lib/libLTO.dylib -dynamic -arch x86_64 -macosx_version_min 10.15.0 -syslibroot /Library/Developer/CommandLineTools/SDKs/MacOSX10.15.sdk -o cmTC_09d75 -search_paths_first -headerpad_max_install_names -v CMakeFiles/cmTC_09d75.dir/CMakeCCompilerABI.c.o -L/usr/local/Cellar/pcl/1.9.1_9/lib -L/usr/local/Cellar/flann/1.9.1_9/lib -L/usr/local/Cellar/vtk/8.2.0_10/lib -L/usr/local/Cellar/boost/1.72.0_3/lib -L/usr/local/Cellar/libomp/10.0.0/lib -L. -lSystem /Library/Developer/CommandLineTools/usr/lib/clang/11.0.0/lib/darwin/libclang_rt.osx.a]
    arg [/Library/Developer/CommandLineTools/usr/bin/ld] ==> ignore
    arg [-demangle] ==> ignore
    arg [-lto_library] ==> ignore, skip following value
    arg [/Library/Developer/CommandLineTools/usr/lib/libLTO.dylib] ==> skip value of -lto_library
    arg [-dynamic] ==> ignore
    arg [-arch] ==> ignore
    arg [x86_64] ==> ignore
    arg [-macosx_version_min] ==> ignore
    arg [10.15.0] ==> ignore
    arg [-syslibroot] ==> ignore
    arg [/Library/Developer/CommandLineTools/SDKs/MacOSX10.15.sdk] ==> ignore
    arg [-o] ==> ignore
    arg [cmTC_09d75] ==> ignore
    arg [-search_paths_first] ==> ignore
    arg [-headerpad_max_install_names] ==> ignore
    arg [-v] ==> ignore
    arg [CMakeFiles/cmTC_09d75.dir/CMakeCCompilerABI.c.o] ==> ignore
    arg [-L/usr/local/Cellar/pcl/1.9.1_9/lib] ==> dir [/usr/local/Cellar/pcl/1.9.1_9/lib]
    arg [-L/usr/local/Cellar/flann/1.9.1_9/lib] ==> dir [/usr/local/Cellar/flann/1.9.1_9/lib]
    arg [-L/usr/local/Cellar/vtk/8.2.0_10/lib] ==> dir [/usr/local/Cellar/vtk/8.2.0_10/lib]
    arg [-L/usr/local/Cellar/boost/1.72.0_3/lib] ==> dir [/usr/local/Cellar/boost/1.72.0_3/lib]
    arg [-L/usr/local/Cellar/libomp/10.0.0/lib] ==> dir [/usr/local/Cellar/libomp/10.0.0/lib]
    arg [-L.] ==> ignore
    arg [-lSystem] ==> lib [System]
    arg [/Library/Developer/CommandLineTools/usr/lib/clang/11.0.0/lib/darwin/libclang_rt.osx.a] ==> lib [/Library/Developer/CommandLineTools/usr/lib/clang/11.0.0/lib/darwin/libclang_rt.osx.a]
  Library search paths: [;/usr/local/Cellar/pcl/1.9.1_9/lib;/usr/local/Cellar/flann/1.9.1_9/lib;/usr/local/Cellar/vtk/8.2.0_10/lib;/usr/local/Cellar/boost/1.72.0_3/lib;/usr/local/Cellar/libomp/10.0.0/lib;.;/Library/Developer/CommandLineTools/SDKs/MacOSX10.15.sdk/usr/lib]
  Framework search paths: [;/Library/Developer/CommandLineTools/SDKs/MacOSX10.15.sdk/System/Library/Frameworks/]
  remove lib [System]
  remove lib [/Library/Developer/CommandLineTools/usr/lib/clang/11.0.0/lib/darwin/libclang_rt.osx.a]
  collapse library dir [/usr/local/Cellar/pcl/1.9.1_9/lib] ==> [/usr/local/Cellar/pcl/1.9.1_9/lib]
  collapse library dir [/usr/local/Cellar/flann/1.9.1_9/lib] ==> [/usr/local/Cellar/flann/1.9.1_9/lib]
  collapse library dir [/usr/local/Cellar/vtk/8.2.0_10/lib] ==> [/usr/local/Cellar/vtk/8.2.0_10/lib]
  collapse library dir [/usr/local/Cellar/boost/1.72.0_3/lib] ==> [/usr/local/Cellar/boost/1.72.0_3/lib]
  collapse library dir [/usr/local/Cellar/libomp/10.0.0/lib] ==> [/usr/local/Cellar/libomp/10.0.0/lib]
  collapse library dir [/usr/local/Cellar/pcl/1.9.1_9/lib] ==> [/usr/local/Cellar/pcl/1.9.1_9/lib]
  collapse library dir [/usr/local/Cellar/flann/1.9.1_9/lib] ==> [/usr/local/Cellar/flann/1.9.1_9/lib]
  collapse library dir [/usr/local/Cellar/vtk/8.2.0_10/lib] ==> [/usr/local/Cellar/vtk/8.2.0_10/lib]
  collapse library dir [/usr/local/Cellar/boost/1.72.0_3/lib] ==> [/usr/local/Cellar/boost/1.72.0_3/lib]
  collapse library dir [/usr/local/Cellar/libomp/10.0.0/lib] ==> [/usr/local/Cellar/libomp/10.0.0/lib]
  collapse library dir [.] ==> [/Users/alberto/CodingSpace/VSCode-workspace/test]
  collapse library dir [/Library/Developer/CommandLineTools/SDKs/MacOSX10.15.sdk/usr/lib] ==> [/Library/Developer/CommandLineTools/SDKs/MacOSX10.15.sdk/usr/lib]
  collapse framework dir [/Library/Developer/CommandLineTools/SDKs/MacOSX10.15.sdk/System/Library/Frameworks/] ==> [/Library/Developer/CommandLineTools/SDKs/MacOSX10.15.sdk/System/Library/Frameworks]
  implicit libs: []
  implicit dirs: [/usr/local/Cellar/pcl/1.9.1_9/lib;/usr/local/Cellar/flann/1.9.1_9/lib;/usr/local/Cellar/vtk/8.2.0_10/lib;/usr/local/Cellar/boost/1.72.0_3/lib;/usr/local/Cellar/libomp/10.0.0/lib;/Users/alberto/CodingSpace/VSCode-workspace/test;/Library/Developer/CommandLineTools/SDKs/MacOSX10.15.sdk/usr/lib]
  implicit fwks: [/Library/Developer/CommandLineTools/SDKs/MacOSX10.15.sdk/System/Library/Frameworks]


Determining if the CXX compiler works passed with the following output:
Change Dir: /Users/alberto/CodingSpace/VSCode-workspace/test/build/CMakeFiles/CMakeTmp

Run Build Command(s):/usr/bin/make cmTC_8114c/fast && /Library/Developer/CommandLineTools/usr/bin/make -f CMakeFiles/cmTC_8114c.dir/build.make CMakeFiles/cmTC_8114c.dir/build
Building CXX object CMakeFiles/cmTC_8114c.dir/testCXXCompiler.cxx.o
/Library/Developer/CommandLineTools/usr/bin/c++    -isysroot /Library/Developer/CommandLineTools/SDKs/MacOSX10.15.sdk   -o CMakeFiles/cmTC_8114c.dir/testCXXCompiler.cxx.o -c /Users/alberto/CodingSpace/VSCode-workspace/test/build/CMakeFiles/CMakeTmp/testCXXCompiler.cxx
Linking CXX executable cmTC_8114c
/Applications/CMake.app/Contents/bin/cmake -E cmake_link_script CMakeFiles/cmTC_8114c.dir/link.txt --verbose=1
/Library/Developer/CommandLineTools/usr/bin/c++    -isysroot /Library/Developer/CommandLineTools/SDKs/MacOSX10.15.sdk -Wl,-search_paths_first -Wl,-headerpad_max_install_names   CMakeFiles/cmTC_8114c.dir/testCXXCompiler.cxx.o  -o cmTC_8114c 



Detecting CXX compiler ABI info compiled with the following output:
Change Dir: /Users/alberto/CodingSpace/VSCode-workspace/test/build/CMakeFiles/CMakeTmp

Run Build Command(s):/usr/bin/make cmTC_cc8e4/fast && /Library/Developer/CommandLineTools/usr/bin/make -f CMakeFiles/cmTC_cc8e4.dir/build.make CMakeFiles/cmTC_cc8e4.dir/build
Building CXX object CMakeFiles/cmTC_cc8e4.dir/CMakeCXXCompilerABI.cpp.o
/Library/Developer/CommandLineTools/usr/bin/c++    -isysroot /Library/Developer/CommandLineTools/SDKs/MacOSX10.15.sdk   -v -Wl,-v -o CMakeFiles/cmTC_cc8e4.dir/CMakeCXXCompilerABI.cpp.o -c /Applications/CMake.app/Contents/share/cmake-3.15/Modules/CMakeCXXCompilerABI.cpp
Apple clang version 11.0.0 (clang-1100.0.33.16)
Target: x86_64-apple-darwin19.5.0
Thread model: posix
InstalledDir: /Library/Developer/CommandLineTools/usr/bin
clang: warning: -Wl,-v: 'linker' input unused [-Wunused-command-line-argument]
 "/Library/Developer/CommandLineTools/usr/bin/clang" -cc1 -triple x86_64-apple-macosx10.15.0 -Wdeprecated-objc-isa-usage -Werror=deprecated-objc-isa-usage -emit-obj -mrelax-all -disable-free -disable-llvm-verifier -discard-value-names -main-file-name CMakeCXXCompilerABI.cpp -mrelocation-model pic -pic-level 2 -mthread-model posix -mdisable-fp-elim -fno-strict-return -masm-verbose -munwind-tables -target-sdk-version=10.15 -target-cpu penryn -dwarf-column-info -debugger-tuning=lldb -ggnu-pubnames -target-linker-version 530 -v -coverage-notes-file /Users/alberto/CodingSpace/VSCode-workspace/test/build/CMakeFiles/CMakeTmp/CMakeFiles/cmTC_cc8e4.dir/CMakeCXXCompilerABI.cpp.gcno -resource-dir /Library/Developer/CommandLineTools/usr/lib/clang/11.0.0 -isysroot /Library/Developer/CommandLineTools/SDKs/MacOSX10.15.sdk -c-isystem /usr/local/Cellar/libomp/10.0.0/include -c-isystem . -cxx-isystem /usr/local/Cellar/pcl/1.9.1_9/include/pcl-1.9 -cxx-isystem /usr/local/Cellar/flann/1.9.1_9/include -cxx-isystem /usr/local/Cellar/eigen/3.3.7/include/eigen3 -cxx-isystem /usr/local/Cellar/vtk/8.2.0_10/include/vtk-8.2 -cxx-isystem /usr/local/Cellar/boost/1.72.0_3/include -cxx-isystem /usr/local/Cellar/libomp/10.0.0/include -cxx-isystem . -stdlib=libc++ -internal-isystem /Library/Developer/CommandLineTools/usr/bin/../include/c++/v1 -Wno-framework-include-private-from-public -Wno-atimport-in-framework-header -Wno-extra-semi-stmt -Wno-quoted-include-in-framework-header -fdeprecated-macro -fdebug-compilation-dir /Users/alberto/CodingSpace/VSCode-workspace/test/build/CMakeFiles/CMakeTmp -ferror-limit 19 -fmessage-length 0 -stack-protector 1 -fstack-check -mdarwin-stkchk-strong-link -fblocks -fencode-extended-block-signature -fregister-global-dtors-with-atexit -fobjc-runtime=macosx-10.15.0 -fcxx-exceptions -fexceptions -fmax-type-align=16 -fdiagnostics-show-option -o CMakeFiles/cmTC_cc8e4.dir/CMakeCXXCompilerABI.cpp.o -x c++ /Applications/CMake.app/Contents/share/cmake-3.15/Modules/CMakeCXXCompilerABI.cpp
clang -cc1 version 11.0.0 (clang-1100.0.33.16) default target x86_64-apple-darwin19.5.0
ignoring nonexistent directory "/Library/Developer/CommandLineTools/SDKs/MacOSX10.15.sdk/usr/include/c++/v1"
ignoring nonexistent directory "/Library/Developer/CommandLineTools/SDKs/MacOSX10.15.sdk/usr/local/include"
ignoring nonexistent directory "/Library/Developer/CommandLineTools/SDKs/MacOSX10.15.sdk/Library/Frameworks"
#include "..." search starts here:
#include <...> search starts here:
 /usr/local/Cellar/pcl/1.9.1_9/include/pcl-1.9
 /usr/local/Cellar/flann/1.9.1_9/include
 /usr/local/Cellar/eigen/3.3.7/include/eigen3
 /usr/local/Cellar/vtk/8.2.0_10/include/vtk-8.2
 /usr/local/Cellar/boost/1.72.0_3/include
 /usr/local/Cellar/libomp/10.0.0/include
 .
 /Library/Developer/CommandLineTools/usr/bin/../include/c++/v1
 /Library/Developer/CommandLineTools/usr/lib/clang/11.0.0/include
 /Library/Developer/CommandLineTools/usr/include
 /Library/Developer/CommandLineTools/SDKs/MacOSX10.15.sdk/usr/include
 /Library/Developer/CommandLineTools/SDKs/MacOSX10.15.sdk/System/Library/Frameworks (framework directory)
End of search list.
Linking CXX executable cmTC_cc8e4
/Applications/CMake.app/Contents/bin/cmake -E cmake_link_script CMakeFiles/cmTC_cc8e4.dir/link.txt --verbose=1
/Library/Developer/CommandLineTools/usr/bin/c++    -isysroot /Library/Developer/CommandLineTools/SDKs/MacOSX10.15.sdk -Wl,-search_paths_first -Wl,-headerpad_max_install_names  -v -Wl,-v CMakeFiles/cmTC_cc8e4.dir/CMakeCXXCompilerABI.cpp.o  -o cmTC_cc8e4 
Apple clang version 11.0.0 (clang-1100.0.33.16)
Target: x86_64-apple-darwin19.5.0
Thread model: posix
InstalledDir: /Library/Developer/CommandLineTools/usr/bin
 "/Library/Developer/CommandLineTools/usr/bin/ld" -demangle -lto_library /Library/Developer/CommandLineTools/usr/lib/libLTO.dylib -dynamic -arch x86_64 -macosx_version_min 10.15.0 -syslibroot /Library/Developer/CommandLineTools/SDKs/MacOSX10.15.sdk -o cmTC_cc8e4 -search_paths_first -headerpad_max_install_names -v CMakeFiles/cmTC_cc8e4.dir/CMakeCXXCompilerABI.cpp.o -L/usr/local/Cellar/pcl/1.9.1_9/lib -L/usr/local/Cellar/flann/1.9.1_9/lib -L/usr/local/Cellar/vtk/8.2.0_10/lib -L/usr/local/Cellar/boost/1.72.0_3/lib -L/usr/local/Cellar/libomp/10.0.0/lib -L. -lc++ -lSystem /Library/Developer/CommandLineTools/usr/lib/clang/11.0.0/lib/darwin/libclang_rt.osx.a
@(#)PROGRAM:ld  PROJECT:ld64-530
BUILD 03:01:58 Nov 15 2019
configured to support archs: armv6 armv7 armv7s arm64 arm64e arm64_32 i386 x86_64 x86_64h armv6m armv7k armv7m armv7em
Library search paths:
	/usr/local/Cellar/pcl/1.9.1_9/lib
	/usr/local/Cellar/flann/1.9.1_9/lib
	/usr/local/Cellar/vtk/8.2.0_10/lib
	/usr/local/Cellar/boost/1.72.0_3/lib
	/usr/local/Cellar/libomp/10.0.0/lib
	.
	/Library/Developer/CommandLineTools/SDKs/MacOSX10.15.sdk/usr/lib
Framework search paths:
	/Library/Developer/CommandLineTools/SDKs/MacOSX10.15.sdk/System/Library/Frameworks/



Parsed CXX implicit include dir info from above output: rv=done
  found start of include info
  found start of implicit include info
    add: [/usr/local/Cellar/pcl/1.9.1_9/include/pcl-1.9]
    add: [/usr/local/Cellar/flann/1.9.1_9/include]
    add: [/usr/local/Cellar/eigen/3.3.7/include/eigen3]
    add: [/usr/local/Cellar/vtk/8.2.0_10/include/vtk-8.2]
    add: [/usr/local/Cellar/boost/1.72.0_3/include]
    add: [/usr/local/Cellar/libomp/10.0.0/include]
    add: [.]
    add: [/Library/Developer/CommandLineTools/usr/bin/../include/c++/v1]
    add: [/Library/Developer/CommandLineTools/usr/lib/clang/11.0.0/include]
    add: [/Library/Developer/CommandLineTools/usr/include]
    add: [/Library/Developer/CommandLineTools/SDKs/MacOSX10.15.sdk/usr/include]
  end of search list found
  collapse include dir [/usr/local/Cellar/pcl/1.9.1_9/include/pcl-1.9] ==> [/usr/local/Cellar/pcl/1.9.1_9/include/pcl-1.9]
  collapse include dir [/usr/local/Cellar/flann/1.9.1_9/include] ==> [/usr/local/Cellar/flann/1.9.1_9/include]
  collapse include dir [/usr/local/Cellar/eigen/3.3.7/include/eigen3] ==> [/usr/local/Cellar/eigen/3.3.7/include/eigen3]
  collapse include dir [/usr/local/Cellar/vtk/8.2.0_10/include/vtk-8.2] ==> [/usr/local/Cellar/vtk/8.2.0_10/include/vtk-8.2]
  collapse include dir [/usr/local/Cellar/boost/1.72.0_3/include] ==> [/usr/local/Cellar/boost/1.72.0_3/include]
  collapse include dir [/usr/local/Cellar/libomp/10.0.0/include] ==> [/usr/local/Cellar/libomp/10.0.0/include]
  skipping relative include dir [.]
  collapse include dir [/Library/Developer/CommandLineTools/usr/bin/../include/c++/v1] ==> [/Library/Developer/CommandLineTools/usr/include/c++/v1]
  collapse include dir [/Library/Developer/CommandLineTools/usr/lib/clang/11.0.0/include] ==> [/Library/Developer/CommandLineTools/usr/lib/clang/11.0.0/include]
  collapse include dir [/Library/Developer/CommandLineTools/usr/include] ==> [/Library/Developer/CommandLineTools/usr/include]
  collapse include dir [/Library/Developer/CommandLineTools/SDKs/MacOSX10.15.sdk/usr/include] ==> [/Library/Developer/CommandLineTools/SDKs/MacOSX10.15.sdk/usr/include]
  implicit include dirs: [/usr/local/Cellar/pcl/1.9.1_9/include/pcl-1.9;/usr/local/Cellar/flann/1.9.1_9/include;/usr/local/Cellar/eigen/3.3.7/include/eigen3;/usr/local/Cellar/vtk/8.2.0_10/include/vtk-8.2;/usr/local/Cellar/boost/1.72.0_3/include;/usr/local/Cellar/libomp/10.0.0/include;/Library/Developer/CommandLineTools/usr/include/c++/v1;/Library/Developer/CommandLineTools/usr/lib/clang/11.0.0/include;/Library/Developer/CommandLineTools/usr/include;/Library/Developer/CommandLineTools/SDKs/MacOSX10.15.sdk/usr/include]


Parsed CXX implicit link information from above output:
  link line regex: [^( *|.*[/\])(ld|CMAKE_LINK_STARTFILE-NOTFOUND|([^/\]+-)?ld|collect2)[^/\]*( |$)]
  ignore line: [Change Dir: /Users/alberto/CodingSpace/VSCode-workspace/test/build/CMakeFiles/CMakeTmp]
  ignore line: []
  ignore line: [Run Build Command(s):/usr/bin/make cmTC_cc8e4/fast && /Library/Developer/CommandLineTools/usr/bin/make -f CMakeFiles/cmTC_cc8e4.dir/build.make CMakeFiles/cmTC_cc8e4.dir/build]
  ignore line: [Building CXX object CMakeFiles/cmTC_cc8e4.dir/CMakeCXXCompilerABI.cpp.o]
  ignore line: [/Library/Developer/CommandLineTools/usr/bin/c++    -isysroot /Library/Developer/CommandLineTools/SDKs/MacOSX10.15.sdk   -v -Wl,-v -o CMakeFiles/cmTC_cc8e4.dir/CMakeCXXCompilerABI.cpp.o -c /Applications/CMake.app/Contents/share/cmake-3.15/Modules/CMakeCXXCompilerABI.cpp]
  ignore line: [Apple clang version 11.0.0 (clang-1100.0.33.16)]
  ignore line: [Target: x86_64-apple-darwin19.5.0]
  ignore line: [Thread model: posix]
  ignore line: [InstalledDir: /Library/Developer/CommandLineTools/usr/bin]
  ignore line: [clang: warning: -Wl,-v: 'linker' input unused [-Wunused-command-line-argument]]
  ignore line: [ "/Library/Developer/CommandLineTools/usr/bin/clang" -cc1 -triple x86_64-apple-macosx10.15.0 -Wdeprecated-objc-isa-usage -Werror=deprecated-objc-isa-usage -emit-obj -mrelax-all -disable-free -disable-llvm-verifier -discard-value-names -main-file-name CMakeCXXCompilerABI.cpp -mrelocation-model pic -pic-level 2 -mthread-model posix -mdisable-fp-elim -fno-strict-return -masm-verbose -munwind-tables -target-sdk-version=10.15 -target-cpu penryn -dwarf-column-info -debugger-tuning=lldb -ggnu-pubnames -target-linker-version 530 -v -coverage-notes-file /Users/alberto/CodingSpace/VSCode-workspace/test/build/CMakeFiles/CMakeTmp/CMakeFiles/cmTC_cc8e4.dir/CMakeCXXCompilerABI.cpp.gcno -resource-dir /Library/Developer/CommandLineTools/usr/lib/clang/11.0.0 -isysroot /Library/Developer/CommandLineTools/SDKs/MacOSX10.15.sdk -c-isystem /usr/local/Cellar/libomp/10.0.0/include -c-isystem . -cxx-isystem /usr/local/Cellar/pcl/1.9.1_9/include/pcl-1.9 -cxx-isystem /usr/local/Cellar/flann/1.9.1_9/include -cxx-isystem /usr/local/Cellar/eigen/3.3.7/include/eigen3 -cxx-isystem /usr/local/Cellar/vtk/8.2.0_10/include/vtk-8.2 -cxx-isystem /usr/local/Cellar/boost/1.72.0_3/include -cxx-isystem /usr/local/Cellar/libomp/10.0.0/include -cxx-isystem . -stdlib=libc++ -internal-isystem /Library/Developer/CommandLineTools/usr/bin/../include/c++/v1 -Wno-framework-include-private-from-public -Wno-atimport-in-framework-header -Wno-extra-semi-stmt -Wno-quoted-include-in-framework-header -fdeprecated-macro -fdebug-compilation-dir /Users/alberto/CodingSpace/VSCode-workspace/test/build/CMakeFiles/CMakeTmp -ferror-limit 19 -fmessage-length 0 -stack-protector 1 -fstack-check -mdarwin-stkchk-strong-link -fblocks -fencode-extended-block-signature -fregister-global-dtors-with-atexit -fobjc-runtime=macosx-10.15.0 -fcxx-exceptions -fexceptions -fmax-type-align=16 -fdiagnostics-show-option -o CMakeFiles/cmTC_cc8e4.dir/CMakeCXXCompilerABI.cpp.o -x c++ /Applications/CMake.app/Contents/share/cmake-3.15/Modules/CMakeCXXCompilerABI.cpp]
  ignore line: [clang -cc1 version 11.0.0 (clang-1100.0.33.16) default target x86_64-apple-darwin19.5.0]
  ignore line: [ignoring nonexistent directory "/Library/Developer/CommandLineTools/SDKs/MacOSX10.15.sdk/usr/include/c++/v1"]
  ignore line: [ignoring nonexistent directory "/Library/Developer/CommandLineTools/SDKs/MacOSX10.15.sdk/usr/local/include"]
  ignore line: [ignoring nonexistent directory "/Library/Developer/CommandLineTools/SDKs/MacOSX10.15.sdk/Library/Frameworks"]
  ignore line: [#include "..." search starts here:]
  ignore line: [#include <...> search starts here:]
  ignore line: [ /usr/local/Cellar/pcl/1.9.1_9/include/pcl-1.9]
  ignore line: [ /usr/local/Cellar/flann/1.9.1_9/include]
  ignore line: [ /usr/local/Cellar/eigen/3.3.7/include/eigen3]
  ignore line: [ /usr/local/Cellar/vtk/8.2.0_10/include/vtk-8.2]
  ignore line: [ /usr/local/Cellar/boost/1.72.0_3/include]
  ignore line: [ /usr/local/Cellar/libomp/10.0.0/include]
  ignore line: [ .]
  ignore line: [ /Library/Developer/CommandLineTools/usr/bin/../include/c++/v1]
  ignore line: [ /Library/Developer/CommandLineTools/usr/lib/clang/11.0.0/include]
  ignore line: [ /Library/Developer/CommandLineTools/usr/include]
  ignore line: [ /Library/Developer/CommandLineTools/SDKs/MacOSX10.15.sdk/usr/include]
  ignore line: [ /Library/Developer/CommandLineTools/SDKs/MacOSX10.15.sdk/System/Library/Frameworks (framework directory)]
  ignore line: [End of search list.]
  ignore line: [Linking CXX executable cmTC_cc8e4]
  ignore line: [/Applications/CMake.app/Contents/bin/cmake -E cmake_link_script CMakeFiles/cmTC_cc8e4.dir/link.txt --verbose=1]
  ignore line: [/Library/Developer/CommandLineTools/usr/bin/c++    -isysroot /Library/Developer/CommandLineTools/SDKs/MacOSX10.15.sdk -Wl,-search_paths_first -Wl,-headerpad_max_install_names  -v -Wl,-v CMakeFiles/cmTC_cc8e4.dir/CMakeCXXCompilerABI.cpp.o  -o cmTC_cc8e4 ]
  ignore line: [Apple clang version 11.0.0 (clang-1100.0.33.16)]
  ignore line: [Target: x86_64-apple-darwin19.5.0]
  ignore line: [Thread model: posix]
  ignore line: [InstalledDir: /Library/Developer/CommandLineTools/usr/bin]
  link line: [ "/Library/Developer/CommandLineTools/usr/bin/ld" -demangle -lto_library /Library/Developer/CommandLineTools/usr/lib/libLTO.dylib -dynamic -arch x86_64 -macosx_version_min 10.15.0 -syslibroot /Library/Developer/CommandLineTools/SDKs/MacOSX10.15.sdk -o cmTC_cc8e4 -search_paths_first -headerpad_max_install_names -v CMakeFiles/cmTC_cc8e4.dir/CMakeCXXCompilerABI.cpp.o -L/usr/local/Cellar/pcl/1.9.1_9/lib -L/usr/local/Cellar/flann/1.9.1_9/lib -L/usr/local/Cellar/vtk/8.2.0_10/lib -L/usr/local/Cellar/boost/1.72.0_3/lib -L/usr/local/Cellar/libomp/10.0.0/lib -L. -lc++ -lSystem /Library/Developer/CommandLineTools/usr/lib/clang/11.0.0/lib/darwin/libclang_rt.osx.a]
    arg [/Library/Developer/CommandLineTools/usr/bin/ld] ==> ignore
    arg [-demangle] ==> ignore
    arg [-lto_library] ==> ignore, skip following value
    arg [/Library/Developer/CommandLineTools/usr/lib/libLTO.dylib] ==> skip value of -lto_library
    arg [-dynamic] ==> ignore
    arg [-arch] ==> ignore
    arg [x86_64] ==> ignore
    arg [-macosx_version_min] ==> ignore
    arg [10.15.0] ==> ignore
    arg [-syslibroot] ==> ignore
    arg [/Library/Developer/CommandLineTools/SDKs/MacOSX10.15.sdk] ==> ignore
    arg [-o] ==> ignore
    arg [cmTC_cc8e4] ==> ignore
    arg [-search_paths_first] ==> ignore
    arg [-headerpad_max_install_names] ==> ignore
    arg [-v] ==> ignore
    arg [CMakeFiles/cmTC_cc8e4.dir/CMakeCXXCompilerABI.cpp.o] ==> ignore
    arg [-L/usr/local/Cellar/pcl/1.9.1_9/lib] ==> dir [/usr/local/Cellar/pcl/1.9.1_9/lib]
    arg [-L/usr/local/Cellar/flann/1.9.1_9/lib] ==> dir [/usr/local/Cellar/flann/1.9.1_9/lib]
    arg [-L/usr/local/Cellar/vtk/8.2.0_10/lib] ==> dir [/usr/local/Cellar/vtk/8.2.0_10/lib]
    arg [-L/usr/local/Cellar/boost/1.72.0_3/lib] ==> dir [/usr/local/Cellar/boost/1.72.0_3/lib]
    arg [-L/usr/local/Cellar/libomp/10.0.0/lib] ==> dir [/usr/local/Cellar/libomp/10.0.0/lib]
    arg [-L.] ==> ignore
    arg [-lc++] ==> lib [c++]
    arg [-lSystem] ==> lib [System]
    arg [/Library/Developer/CommandLineTools/usr/lib/clang/11.0.0/lib/darwin/libclang_rt.osx.a] ==> lib [/Library/Developer/CommandLineTools/usr/lib/clang/11.0.0/lib/darwin/libclang_rt.osx.a]
  Library search paths: [;/usr/local/Cellar/pcl/1.9.1_9/lib;/usr/local/Cellar/flann/1.9.1_9/lib;/usr/local/Cellar/vtk/8.2.0_10/lib;/usr/local/Cellar/boost/1.72.0_3/lib;/usr/local/Cellar/libomp/10.0.0/lib;.;/Library/Developer/CommandLineTools/SDKs/MacOSX10.15.sdk/usr/lib]
  Framework search paths: [;/Library/Developer/CommandLineTools/SDKs/MacOSX10.15.sdk/System/Library/Frameworks/]
  remove lib [System]
  remove lib [/Library/Developer/CommandLineTools/usr/lib/clang/11.0.0/lib/darwin/libclang_rt.osx.a]
  collapse library dir [/usr/local/Cellar/pcl/1.9.1_9/lib] ==> [/usr/local/Cellar/pcl/1.9.1_9/lib]
  collapse library dir [/usr/local/Cellar/flann/1.9.1_9/lib] ==> [/usr/local/Cellar/flann/1.9.1_9/lib]
  collapse library dir [/usr/local/Cellar/vtk/8.2.0_10/lib] ==> [/usr/local/Cellar/vtk/8.2.0_10/lib]
  collapse library dir [/usr/local/Cellar/boost/1.72.0_3/lib] ==> [/usr/local/Cellar/boost/1.72.0_3/lib]
  collapse library dir [/usr/local/Cellar/libomp/10.0.0/lib] ==> [/usr/local/Cellar/libomp/10.0.0/lib]
  collapse library dir [/usr/local/Cellar/pcl/1.9.1_9/lib] ==> [/usr/local/Cellar/pcl/1.9.1_9/lib]
  collapse library dir [/usr/local/Cellar/flann/1.9.1_9/lib] ==> [/usr/local/Cellar/flann/1.9.1_9/lib]
  collapse library dir [/usr/local/Cellar/vtk/8.2.0_10/lib] ==> [/usr/local/Cellar/vtk/8.2.0_10/lib]
  collapse library dir [/usr/local/Cellar/boost/1.72.0_3/lib] ==> [/usr/local/Cellar/boost/1.72.0_3/lib]
  collapse library dir [/usr/local/Cellar/libomp/10.0.0/lib] ==> [/usr/local/Cellar/libomp/10.0.0/lib]
  collapse library dir [.] ==> [/Users/alberto/CodingSpace/VSCode-workspace/test]
  collapse library dir [/Library/Developer/CommandLineTools/SDKs/MacOSX10.15.sdk/usr/lib] ==> [/Library/Developer/CommandLineTools/SDKs/MacOSX10.15.sdk/usr/lib]
  collapse framework dir [/Library/Developer/CommandLineTools/SDKs/MacOSX10.15.sdk/System/Library/Frameworks/] ==> [/Library/Developer/CommandLineTools/SDKs/MacOSX10.15.sdk/System/Library/Frameworks]
  implicit libs: [c++]
  implicit dirs: [/usr/local/Cellar/pcl/1.9.1_9/lib;/usr/local/Cellar/flann/1.9.1_9/lib;/usr/local/Cellar/vtk/8.2.0_10/lib;/usr/local/Cellar/boost/1.72.0_3/lib;/usr/local/Cellar/libomp/10.0.0/lib;/Users/alberto/CodingSpace/VSCode-workspace/test;/Library/Developer/CommandLineTools/SDKs/MacOSX10.15.sdk/usr/lib]
  implicit fwks: [/Library/Developer/CommandLineTools/SDKs/MacOSX10.15.sdk/System/Library/Frameworks]


Determining if the include file pthread.h exists passed with the following output:
Change Dir: /Users/alberto/CodingSpace/VSCode-workspace/test/build/CMakeFiles/CMakeTmp

Run Build Command(s):/usr/bin/make cmTC_e7481/fast && /Library/Developer/CommandLineTools/usr/bin/make -f CMakeFiles/cmTC_e7481.dir/build.make CMakeFiles/cmTC_e7481.dir/build
Building C object CMakeFiles/cmTC_e7481.dir/CheckIncludeFile.c.o
/Library/Developer/CommandLineTools/usr/bin/cc   -isysroot /Library/Developer/CommandLineTools/SDKs/MacOSX10.15.sdk   -o CMakeFiles/cmTC_e7481.dir/CheckIncludeFile.c.o   -c /Users/alberto/CodingSpace/VSCode-workspace/test/build/CMakeFiles/CMakeTmp/CheckIncludeFile.c
Linking C executable cmTC_e7481
/Applications/CMake.app/Contents/bin/cmake -E cmake_link_script CMakeFiles/cmTC_e7481.dir/link.txt --verbose=1
/Library/Developer/CommandLineTools/usr/bin/cc   -isysroot /Library/Developer/CommandLineTools/SDKs/MacOSX10.15.sdk -Wl,-search_paths_first -Wl,-headerpad_max_install_names   CMakeFiles/cmTC_e7481.dir/CheckIncludeFile.c.o  -o cmTC_e7481 



Performing C SOURCE FILE Test CMAKE_HAVE_LIBC_PTHREAD succeeded with the following output:
Change Dir: /Users/alberto/CodingSpace/VSCode-workspace/test/build/CMakeFiles/CMakeTmp

Run Build Command(s):/usr/bin/make cmTC_ed022/fast && /Library/Developer/CommandLineTools/usr/bin/make -f CMakeFiles/cmTC_ed022.dir/build.make CMakeFiles/cmTC_ed022.dir/build
Building C object CMakeFiles/cmTC_ed022.dir/src.c.o
/Library/Developer/CommandLineTools/usr/bin/cc   -DCMAKE_HAVE_LIBC_PTHREAD -isysroot /Library/Developer/CommandLineTools/SDKs/MacOSX10.15.sdk   -o CMakeFiles/cmTC_ed022.dir/src.c.o   -c /Users/alberto/CodingSpace/VSCode-workspace/test/build/CMakeFiles/CMakeTmp/src.c
Linking C executable cmTC_ed022
/Applications/CMake.app/Contents/bin/cmake -E cmake_link_script CMakeFiles/cmTC_ed022.dir/link.txt --verbose=1
/Library/Developer/CommandLineTools/usr/bin/cc  -DCMAKE_HAVE_LIBC_PTHREAD -isysroot /Library/Developer/CommandLineTools/SDKs/MacOSX10.15.sdk -Wl,-search_paths_first -Wl,-headerpad_max_install_names   CMakeFiles/cmTC_ed022.dir/src.c.o  -o cmTC_ed022 


Source file was:
#include <pthread.h>

void* test_func(void* data)
{
  return data;
}

int main(void)
{
  pthread_t thread;
  pthread_create(&thread, NULL, test_func, NULL);
  pthread_detach(thread);
  pthread_join(thread, NULL);
  pthread_atfork(NULL, NULL, NULL);
  pthread_exit(NULL);

  return 0;
}

